<?xml version="1.0" encoding="UTF-8"?>
<testng-results skipped="0" failed="0" total="1" passed="1">
  <reporter-output>
  </reporter-output>
  <suite name="Default suite" duration-ms="1135" started-at="2019-09-08T13:49:48Z" finished-at="2019-09-08T13:49:49Z">
    <groups>
    </groups>
    <test name="Default test" duration-ms="1135" started-at="2019-09-08T13:49:48Z" finished-at="2019-09-08T13:49:49Z">
      <class name="com.qa.test.GetAPITest">
        <test-method status="PASS" signature="setUp()[pri:0, instance:com.qa.test.GetAPITest@66d2e7d9]" name="setUp" is-config="true" duration-ms="11" started-at="2019-09-08T15:49:48Z" finished-at="2019-09-08T15:49:48Z">
          <reporter-output>
          </reporter-output>
        </test-method> <!-- setUp -->
        <test-method status="PASS" signature="getAPITest()[pri:0, instance:com.qa.test.GetAPITest@66d2e7d9]" name="getAPITest" duration-ms="1099" started-at="2019-09-08T15:49:48Z" finished-at="2019-09-08T15:49:49Z">
          <reporter-output>
          </reporter-output>
        </test-method> <!-- getAPITest -->
      </class> <!-- com.qa.test.GetAPITest -->
    </test> <!-- Default test -->
  </suite> <!-- Default suite -->
</testng-results>
